2025-10-28 19:11:41 - INFO - [System] - =====================================
2025-10-28 19:11:41 - INFO - [System] - Iniciando Sistema de Devoluciones...
2025-10-28 19:11:42 - INFO - [System] - Conexión a la base de datos establecida.
2025-10-28 19:11:44 - INFO - [admin] - Usuario 'admin' inició sesión exitosamente.
2025-10-28 19:11:56 - INFO - [admin] - Inicio del procesamiento de devoluciones para 11 archivo(s).
2025-10-28 19:11:56 - INFO - [admin] - Consolidando DataFrames por campaña...
2025-10-28 19:11:56 - INFO - [admin] - Procesamiento de devoluciones completado exitosamente. 11 campañas procesadas.
2025-10-28 19:12:03 - INFO - [admin] - Aplicación cerrada con código de salida: 0
2025-10-28 19:22:47 - INFO - [System] - =====================================
2025-10-28 19:22:47 - INFO - [System] - Iniciando Sistema de Devoluciones...
2025-10-28 19:22:47 - INFO - [System] - Conexión a la base de datos establecida.
2025-10-28 19:22:50 - INFO - [admin] - Usuario 'admin' inició sesión exitosamente.
2025-10-28 19:23:38 - INFO - [admin] - Inicio del procesamiento de Reportes Directo para 14 archivo(s).
2025-10-28 19:23:38 - INFO - [admin] - Agregando resultados de Reportes Directo...
2025-10-28 19:23:38 - INFO - [admin] - Total de registros consolidados (Directo): 30618
2025-10-28 19:23:38 - INFO - [admin] - Procesamiento de Reportes Directo completado exitosamente.
2025-10-28 19:25:25 - INFO - [admin] - Inicio del procesamiento de Reportes Directo para 19 archivo(s).
2025-10-28 19:25:25 - INFO - [admin] - Agregando resultados de Reportes Directo...
2025-10-28 19:25:25 - INFO - [admin] - Total de registros consolidados (Directo): 28750
2025-10-28 19:25:25 - INFO - [admin] - Procesamiento de Reportes Directo completado exitosamente.
2025-10-28 19:25:57 - INFO - [admin] - Inicio del procesamiento de Reportes Simples para 1 archivo(s).
2025-10-28 19:25:58 - INFO - [admin] - Procesamiento de Reportes Simples completado exitosamente. 1 archivo(s) procesado(s).
2025-10-28 19:27:19 - INFO - [admin] - Inicio del procesamiento de Reportes Directo para 17 archivo(s).
2025-10-28 19:27:19 - INFO - [admin] - Agregando resultados de Reportes Directo...
2025-10-28 19:27:19 - INFO - [admin] - Total de registros consolidados (Directo): 21753
2025-10-28 19:27:19 - INFO - [admin] - Procesamiento de Reportes Directo completado exitosamente.
2025-10-28 19:27:44 - INFO - [admin] - Aplicación cerrada con código de salida: 0
2025-10-28 19:38:33 - INFO - [System] - =====================================
2025-10-28 19:38:33 - INFO - [System] - Iniciando Sistema de Devoluciones...
2025-10-28 19:38:33 - INFO - [System] - Conexión a la base de datos establecida.
2025-10-28 19:38:36 - INFO - [admin] - Usuario 'admin' inició sesión exitosamente.
2025-10-28 19:38:58 - INFO - [admin] - Aplicación cerrada con código de salida: 0
2025-10-28 19:39:01 - INFO - [System] - =====================================
2025-10-28 19:39:01 - INFO - [System] - Iniciando Sistema de Devoluciones...
2025-10-28 19:39:02 - INFO - [System] - Conexión a la base de datos establecida.
2025-10-28 19:39:04 - INFO - [admin] - Usuario 'admin' inició sesión exitosamente.
2025-10-28 19:39:08 - INFO - [admin] - Aplicación cerrada con código de salida: 0
2025-10-28 21:09:42 - INFO - [System] - =====================================
2025-10-28 21:09:42 - INFO - [System] - Iniciando Sistema de Devoluciones...
2025-10-28 21:09:42 - INFO - [System] - Conexión a la base de datos establecida.
2025-10-28 21:09:51 - INFO - [admin] - Usuario 'admin' inició sesión exitosamente.
2025-10-28 21:10:13 - INFO - [admin] - Inicio del procesamiento de devoluciones para 11 archivo(s).
2025-10-28 21:10:13 - INFO - [admin] - Consolidando DataFrames por campaña...
2025-10-28 21:10:14 - INFO - [admin] - Procesamiento de devoluciones completado exitosamente. 11 campañas procesadas.
2025-10-28 21:10:52 - INFO - [admin] - Inicio del procesamiento de Reportes Simples para 3 archivo(s).
2025-10-28 21:10:55 - INFO - [admin] - Procesamiento de Reportes Simples completado exitosamente. 3 archivo(s) procesado(s).
2025-10-28 21:11:19 - INFO - [admin] - Inicio del procesamiento de Reportes BASIC para 1 archivo(s).
2025-10-28 21:11:19 - INFO - [admin] - Procesamiento de Reportes BASIC completado exitosamente. 1 archivo(s) procesado(s).
2025-10-28 21:11:30 - INFO - [admin] - Inicio del procesamiento de Reportes Directo para 17 archivo(s).
2025-10-28 21:11:30 - INFO - [admin] - Agregando resultados de Reportes Directo...
2025-10-28 21:11:30 - INFO - [admin] - Total de registros consolidados (Directo): 21753
2025-10-28 21:11:30 - INFO - [admin] - Procesamiento de Reportes Directo completado exitosamente.
2025-10-28 21:11:35 - INFO - [admin] - Aplicación cerrada con código de salida: 0
2025-10-28 21:11:38 - INFO - [System] - =====================================
2025-10-28 21:11:38 - INFO - [System] - Iniciando Sistema de Devoluciones...
2025-10-28 21:11:38 - INFO - [System] - Conexión a la base de datos establecida.
2025-10-28 21:11:45 - WARNING - [System] - Login cancelado o fallido. Cerrando aplicación.
